<?xml version="1.0" encoding="UTF-8"?>
<testsuite name="AntiFraudTest" tests="1" skipped="0" failures="0" errors="0" timestamp="2023-08-25T08:41:27" hostname="LAPTOP-2UE7364M" time="25.581">
  <properties/>
  <testcase name="start" classname="AntiFraudTest" time="25.581"/>
  <system-out><![CDATA[?[1;31m
Start test 1?[0m
?[0;34m
?[0m?[0;34m  .   ____          _            __ _ _
?[0m?[0;34m /\\ / ___'_ __ _ _(_)_ __  __ _ \ \ \ \
?[0m?[0;34m( ( )\___ | '_ | '_| | '_ \/ _` | \ \ \ \
?[0m?[0;34m \\/  ___)| |_)| | | | | || (_| |  ) ) ) )
?[0m?[0;34m  '  |____| .__|_| |_|_| |_\__, | / / / /
?[0m?[0;34m =========|_|==============|___/=/_/_/_/
?[0m?[0;34m :: Spring Boot ::                (v3.0.2)
?[0m?[0;34m
?[0m?[0;34m2023-08-25T15:41:28.475+07:00  INFO 68 --- [    Test worker] antifraud.AntiFraudApplication           : Starting AntiFraudApplication using Java 17.0.7 with PID 68 (started by admin in C:\Users\admin\IdeaProjects\Anti-Fraud System\Anti-Fraud System\task)
?[0m?[0;34m2023-08-25T15:41:28.480+07:00  INFO 68 --- [    Test worker] antifraud.AntiFraudApplication           : No active profile set, falling back to 1 default profile: "default"
?[0m?[0;34m2023-08-25T15:41:29.513+07:00  INFO 68 --- [    Test worker] .s.d.r.c.RepositoryConfigurationDelegate : Bootstrapping Spring Data JPA repositories in DEFAULT mode.
?[0m?[0;34m2023-08-25T15:41:29.581+07:00  INFO 68 --- [    Test worker] .s.d.r.c.RepositoryConfigurationDelegate : Finished Spring Data repository scanning in 58 ms. Found 3 JPA repository interfaces.
?[0m?[0;34m2023-08-25T15:41:30.260+07:00  INFO 68 --- [    Test worker] o.s.b.w.embedded.tomcat.TomcatWebServer  : Tomcat initialized with port(s): 28852 (http)
?[0m?[0;34m2023-08-25T15:41:30.273+07:00  INFO 68 --- [    Test worker] o.apache.catalina.core.StandardService   : Starting service [Tomcat]
?[0m?[0;34m2023-08-25T15:41:30.274+07:00  INFO 68 --- [    Test worker] o.apache.catalina.core.StandardEngine    : Starting Servlet engine: [Apache Tomcat/10.1.5]
?[0m?[0;34m2023-08-25T15:41:30.421+07:00  INFO 68 --- [    Test worker] o.a.c.c.C.[Tomcat].[localhost].[/]       : Initializing Spring embedded WebApplicationContext
?[0m?[0;34m2023-08-25T15:41:30.423+07:00  INFO 68 --- [    Test worker] w.s.c.ServletWebServerApplicationContext : Root WebApplicationContext: initialization completed in 1884 ms
?[0m?[0;34m2023-08-25T15:41:30.551+07:00  INFO 68 --- [    Test worker] com.zaxxer.hikari.HikariDataSource       : HikariPool-1 - Starting...
?[0m?[0;34m2023-08-25T15:41:30.771+07:00  INFO 68 --- [    Test worker] com.zaxxer.hikari.pool.HikariPool        : HikariPool-1 - Added connection conn0: url=jdbc:h2:mem:service_db user=SA
?[0m?[0;34m2023-08-25T15:41:30.773+07:00  INFO 68 --- [    Test worker] com.zaxxer.hikari.HikariDataSource       : HikariPool-1 - Start completed.
?[0m?[0;34m2023-08-25T15:41:30.784+07:00  INFO 68 --- [    Test worker] o.s.b.a.h2.H2ConsoleAutoConfiguration    : H2 console available at '/h2-console'. Database available at 'jdbc:h2:mem:service_db'
?[0m?[0;34m2023-08-25T15:41:30.970+07:00  INFO 68 --- [    Test worker] o.hibernate.jpa.internal.util.LogHelper  : HHH000204: Processing PersistenceUnitInfo [name: default]
?[0m?[0;34m2023-08-25T15:41:31.028+07:00  INFO 68 --- [    Test worker] org.hibernate.Version                    : HHH000412: Hibernate ORM core version 6.1.6.Final
?[0m?[0;34m2023-08-25T15:41:31.242+07:00  WARN 68 --- [    Test worker] org.hibernate.orm.deprecation            : HHH90000021: Encountered deprecated setting [javax.persistence.sharedCache.mode], use [jakarta.persistence.sharedCache.mode] instead
?[0m?[0;34m2023-08-25T15:41:31.390+07:00  INFO 68 --- [    Test worker] SQL dialect                              : HHH000400: Using dialect: org.hibernate.dialect.H2Dialect
?[0m?[0;34m2023-08-25T15:41:32.220+07:00  INFO 68 --- [    Test worker] o.h.e.t.j.p.i.JtaPlatformInitiator       : HHH000490: Using JtaPlatform implementation: [org.hibernate.engine.transaction.jta.platform.internal.NoJtaPlatform]
?[0m?[0;34m2023-08-25T15:41:32.226+07:00  INFO 68 --- [    Test worker] j.LocalContainerEntityManagerFactoryBean : Initialized JPA EntityManagerFactory for persistence unit 'default'
?[0m?[0;34m2023-08-25T15:41:32.662+07:00  WARN 68 --- [    Test worker] JpaBaseConfiguration$JpaWebConfiguration : spring.jpa.open-in-view is enabled by default. Therefore, database queries may be performed during view rendering. Explicitly configure spring.jpa.open-in-view to disable this warning
?[0m?[0;34m2023-08-25T15:41:33.131+07:00  INFO 68 --- [    Test worker] o.s.b.a.e.web.EndpointLinksResolver      : Exposing 14 endpoint(s) beneath base path '/actuator'
?[0m?[0;34m2023-08-25T15:41:33.183+07:00  INFO 68 --- [    Test worker] o.s.s.web.DefaultSecurityFilterChain     : Will secure any request with [org.springframework.security.web.session.DisableEncodeUrlFilter@5e38329d, org.springframework.security.web.context.request.async.WebAsyncManagerIntegrationFilter@60be9fdf, org.springframework.security.web.context.SecurityContextHolderFilter@5dfd4fac, org.springframework.security.web.header.HeaderWriterFilter@4fe8ac61, org.springframework.security.web.authentication.logout.LogoutFilter@389fad5b, org.springframework.security.web.authentication.www.BasicAuthenticationFilter@48064a5a, org.springframework.security.web.savedrequest.RequestCacheAwareFilter@2f08e6d3, org.springframework.security.web.servletapi.SecurityContextHolderAwareRequestFilter@70736b19, org.springframework.security.web.authentication.AnonymousAuthenticationFilter@7d816d32, org.springframework.security.web.session.SessionManagementFilter@2cbd855e, org.springframework.security.web.access.ExceptionTranslationFilter@30623109, org.springframework.security.web.access.intercept.AuthorizationFilter@7c08461b]
?[0m?[0;34m2023-08-25T15:41:33.526+07:00  INFO 68 --- [    Test worker] o.s.b.w.embedded.tomcat.TomcatWebServer  : Tomcat started on port(s): 28852 (http) with context path ''
?[0m?[0;34m2023-08-25T15:41:33.540+07:00  INFO 68 --- [    Test worker] antifraud.AntiFraudApplication           : Started AntiFraudApplication in 5.424 seconds (process running for 6.369)
?[0m?[0;34mTest case
?[0m?[0;34mTesting api: '/api/auth/user'
?[0m?[0;34mrequest: '{
?[0m?[0;34m   "name": "John Doe 1",
?[0m?[0;34m   "password": "oa3VvqnLxW"
?[0m?[0;34m}'
?[0m?[0;34mExpectations: 'In case of wrong data in request, endpoint must respond with BAD REQUEST  status (400).'
?[0m?[0;34m-----
?[0;34m2023-08-25T15:41:33.929+07:00  INFO 68 --- [io-28852-exec-1] o.a.c.c.C.[Tomcat].[localhost].[/]       : Initializing Spring DispatcherServlet 'dispatcherServlet'
?[0m?[0;34m2023-08-25T15:41:33.929+07:00  INFO 68 --- [io-28852-exec-1] o.s.web.servlet.DispatcherServlet        : Initializing Servlet 'dispatcherServlet'
?[0m?[0;34m2023-08-25T15:41:33.931+07:00  INFO 68 --- [io-28852-exec-1] o.s.web.servlet.DispatcherServlet        : Completed initialization in 2 ms
?[0m?[1;31m
Start test 2?[0m
?[0;34mTest case
?[0m?[0;34mTesting api: '/api/auth/user'
?[0m?[0;34mrequest: '{
?[0m?[0;34m   "name": "John Doe 2",
?[0m?[0;34m   "username": "johndoe1"
?[0m?[0;34m}'
?[0m?[0;34mExpectations: 'In case of wrong data in request, endpoint must respond with BAD REQUEST  status (400).'
?[0m?[0;34m-----
?[0m?[1;31m
Start test 3?[0m
?[0;34mTest case
?[0m?[0;34mTesting api: '/api/auth/user'
?[0m?[0;34mrequest: '{
?[0m?[0;34m   "name": "John Doe 1",
?[0m?[0;34m   "username": "johndoe1",
?[0m?[0;34m   "password": "oMoa3VvqnLxW"
?[0m?[0;34m}'
?[0m?[0;34mExpectations: 'If user successfully added, endpoint must respond with HTTP CREATED status (201) '
?[0m?[0;34m-----
?[0m?[1;31m
Start test 4?[0m
?[0;34mTest case
?[0m?[0;34mTesting api: '/api/auth/list'
?[0m?[0;34mExpectations: 'Endpoint must respond with HTTP OK status (200) and body with array of objects representing the users sorted by ID in ascending order.'
?[0m?[0;34m-----
?[0m?[1;31m
Start test 5?[0m
?[0;34mTest case
?[0m?[0;34mTesting api: '/api/auth/user'
?[0m?[0;34mrequest: '{
?[0m?[0;34m   "name": "John Doe 1",
?[0m?[0;34m   "username": "johndoe1",
?[0m?[0;34m   "password": "oMoa3VvqnLxW"
?[0m?[0;34m}'
?[0m?[0;34mExpectations: 'If user successfully added, endpoint must respond with HTTP CREATED status (201) '
?[0m?[0;34m-----
?[0m?[1;31m
Start test 6?[0m
?[0;34mTest case
?[0m?[0;34mTesting api: '/api/auth/list'
?[0m?[0;34mExpectations: 'Endpoint must respond with HTTP OK status (200) and body with array of objects representing the users sorted by ID in ascending order.'
?[0m?[0;34m-----
?[0m?[1;31m
Start test 7?[0m
?[0;34mTest case
?[0m?[0;34mTesting api: '/api/auth/list'
?[0m?[0;34mExpectations: 'A user with incorrect credentials is not allowed'
?[0m?[0;34m-----
?[0m?[1;31m
Start test 8?[0m
?[0;34mTest case
?[0m?[0;34mTesting api: '/api/auth/list'
?[0m?[0;34mExpectations: 'A user with incorrect credentials is not allowed'
?[0m?[0;34m-----
?[0m?[1;31m
Start test 9?[0m
?[0;34mTest case
?[0m?[0;34mTesting api: '/api/antifraud/transaction'
?[0m?[0;34mExpectations: 'Merchant after registration must be LOCKED'
?[0m?[0;34m-----
?[0m?[1;31m
Start test 10?[0m
?[0;34mTest case
?[0m?[0;34mTesting api: '/api/auth/access'
?[0m?[0;34mExpectations: 'A user johndoe1 must be UNLOCKED'
?[0m?[0;34m-----
?[0m?[1;31m
Start test 11?[0m
?[0;34mTest case
?[0m?[0;34mTesting api: '/api/antifraud/transaction'
?[0m?[0;34mExpectations: 'A user johndoe1 must be UNLOCKED'
?[0m?[0;34m-----
?[0m?[1;31m
Start test 12?[0m
?[0;34mTest case
?[0m?[0;34mTesting api: '/api/antifraud/transaction'
?[0m?[0;34mrequest: 'amount = 1'
?[0m?[0;34mExpectations: 'Result validating of Transaction must be 'ALLOWED''
?[0m?[0;34m-----
?[0m?[1;31m
Start test 13?[0m
?[0;34m2023-08-25T15:41:36.078+07:00  INFO 68 --- [       Thread-4] o.apache.catalina.core.StandardService   : Stopping service [Tomcat]
?[0m?[0;34m2023-08-25T15:41:36.079+07:00  INFO 68 --- [       Thread-4] o.a.c.c.C.[Tomcat].[localhost].[/]       : Destroying Spring FrameworkServlet 'dispatcherServlet'
?[0m?[0;34m2023-08-25T15:41:36.087+07:00  INFO 68 --- [       Thread-4] j.LocalContainerEntityManagerFactoryBean : Closing JPA EntityManagerFactory for persistence unit 'default'
?[0m?[0;34m2023-08-25T15:41:36.090+07:00  INFO 68 --- [       Thread-4] com.zaxxer.hikari.HikariDataSource       : HikariPool-1 - Shutdown initiated...
?[0m?[0;34m2023-08-25T15:41:36.092+07:00  INFO 68 --- [       Thread-4] com.zaxxer.hikari.HikariDataSource       : HikariPool-1 - Shutdown completed.
?[0;34m
?[0m?[0;34m  .   ____          _            __ _ _
?[0m?[0;34m /\\ / ___'_ __ _ _(_)_ __  __ _ \ \ \ \
?[0m?[0;34m( ( )\___ | '_ | '_| | '_ \/ _` | \ \ \ \
?[0m?[0;34m \\/  ___)| |_)| | | | | || (_| |  ) ) ) )
?[0m?[0;34m  '  |____| .__|_| |_|_| |_\__, | / / / /
?[0m?[0;34m =========|_|==============|___/=/_/_/_/
?[0m?[0;34m :: Spring Boot ::                (v3.0.2)
?[0m?[0;34m
?[0m?[0;34m2023-08-25T15:41:46.526+07:00  INFO 68 --- [    Test worker] antifraud.AntiFraudApplication           : Starting AntiFraudApplication using Java 17.0.7 with PID 68 (started by admin in C:\Users\admin\IdeaProjects\Anti-Fraud System\Anti-Fraud System\task)
?[0m?[0;34m2023-08-25T15:41:46.527+07:00  INFO 68 --- [    Test worker] antifraud.AntiFraudApplication           : No active profile set, falling back to 1 default profile: "default"
?[0m?[0;34m2023-08-25T15:41:46.853+07:00  INFO 68 --- [    Test worker] .s.d.r.c.RepositoryConfigurationDelegate : Bootstrapping Spring Data JPA repositories in DEFAULT mode.
?[0m?[0;34m2023-08-25T15:41:46.869+07:00  INFO 68 --- [    Test worker] .s.d.r.c.RepositoryConfigurationDelegate : Finished Spring Data repository scanning in 15 ms. Found 3 JPA repository interfaces.
?[0m?[0;34m2023-08-25T15:41:46.957+07:00  INFO 68 --- [    Test worker] o.s.b.w.embedded.tomcat.TomcatWebServer  : Tomcat initialized with port(s): 28852 (http)
?[0m?[0;34m2023-08-25T15:41:46.958+07:00  INFO 68 --- [    Test worker] o.apache.catalina.core.StandardService   : Starting service [Tomcat]
?[0m?[0;34m2023-08-25T15:41:46.958+07:00  INFO 68 --- [    Test worker] o.apache.catalina.core.StandardEngine    : Starting Servlet engine: [Apache Tomcat/10.1.5]
?[0m?[0;34m2023-08-25T15:41:46.980+07:00  INFO 68 --- [    Test worker] o.a.c.c.C.[Tomcat].[localhost].[/]       : Initializing Spring embedded WebApplicationContext
?[0m?[0;34m2023-08-25T15:41:46.980+07:00  INFO 68 --- [    Test worker] w.s.c.ServletWebServerApplicationContext : Root WebApplicationContext: initialization completed in 450 ms
?[0m?[0;34m2023-08-25T15:41:47.011+07:00  INFO 68 --- [    Test worker] com.zaxxer.hikari.HikariDataSource       : HikariPool-2 - Starting...
?[0m?[0;34m2023-08-25T15:41:47.012+07:00  INFO 68 --- [    Test worker] com.zaxxer.hikari.pool.HikariPool        : HikariPool-2 - Added connection conn10: url=jdbc:h2:mem:service_db user=SA
?[0m?[0;34m2023-08-25T15:41:47.013+07:00  INFO 68 --- [    Test worker] com.zaxxer.hikari.HikariDataSource       : HikariPool-2 - Start completed.
?[0m?[0;34m2023-08-25T15:41:47.013+07:00  INFO 68 --- [    Test worker] o.s.b.a.h2.H2ConsoleAutoConfiguration    : H2 console available at '/h2-console'. Database available at 'jdbc:h2:mem:service_db'
?[0m?[0;34m2023-08-25T15:41:47.053+07:00  INFO 68 --- [    Test worker] o.hibernate.jpa.internal.util.LogHelper  : HHH000204: Processing PersistenceUnitInfo [name: default]
?[0m?[0;34m2023-08-25T15:41:47.057+07:00  WARN 68 --- [    Test worker] org.hibernate.orm.deprecation            : HHH90000021: Encountered deprecated setting [javax.persistence.sharedCache.mode], use [jakarta.persistence.sharedCache.mode] instead
?[0m?[0;34m2023-08-25T15:41:47.061+07:00  INFO 68 --- [    Test worker] SQL dialect                              : HHH000400: Using dialect: org.hibernate.dialect.H2Dialect
?[0m?[0;34m2023-08-25T15:41:47.160+07:00  INFO 68 --- [    Test worker] o.h.e.t.j.p.i.JtaPlatformInitiator       : HHH000490: Using JtaPlatform implementation: [org.hibernate.engine.transaction.jta.platform.internal.NoJtaPlatform]
?[0m?[0;34m2023-08-25T15:41:47.160+07:00  INFO 68 --- [    Test worker] j.LocalContainerEntityManagerFactoryBean : Initialized JPA EntityManagerFactory for persistence unit 'default'
?[0m?[0;34m2023-08-25T15:41:47.212+07:00  WARN 68 --- [    Test worker] JpaBaseConfiguration$JpaWebConfiguration : spring.jpa.open-in-view is enabled by default. Therefore, database queries may be performed during view rendering. Explicitly configure spring.jpa.open-in-view to disable this warning
?[0m?[0;34m2023-08-25T15:41:47.317+07:00  INFO 68 --- [    Test worker] o.s.b.a.e.web.EndpointLinksResolver      : Exposing 14 endpoint(s) beneath base path '/actuator'
?[0m?[0;34m2023-08-25T15:41:47.328+07:00  INFO 68 --- [    Test worker] o.s.s.web.DefaultSecurityFilterChain     : Will secure any request with [org.springframework.security.web.session.DisableEncodeUrlFilter@4b75d640, org.springframework.security.web.context.request.async.WebAsyncManagerIntegrationFilter@4e9b66ab, org.springframework.security.web.context.SecurityContextHolderFilter@e934485, org.springframework.security.web.header.HeaderWriterFilter@45fdd38d, org.springframework.security.web.authentication.logout.LogoutFilter@3c22a99a, org.springframework.security.web.authentication.www.BasicAuthenticationFilter@6abdead7, org.springframework.security.web.savedrequest.RequestCacheAwareFilter@6f272dc4, org.springframework.security.web.servletapi.SecurityContextHolderAwareRequestFilter@446dea16, org.springframework.security.web.authentication.AnonymousAuthenticationFilter@532b3244, org.springframework.security.web.session.SessionManagementFilter@376b6d7d, org.springframework.security.web.access.ExceptionTranslationFilter@33c5d3e, org.springframework.security.web.access.intercept.AuthorizationFilter@6232cde5]
?[0m?[0;34m2023-08-25T15:41:47.399+07:00  INFO 68 --- [    Test worker] o.s.b.w.embedded.tomcat.TomcatWebServer  : Tomcat started on port(s): 28852 (http) with context path ''
?[0m?[0;34m2023-08-25T15:41:47.411+07:00  INFO 68 --- [    Test worker] antifraud.AntiFraudApplication           : Started AntiFraudApplication in 0.91 seconds (process running for 20.24)
?[0m?[1;31m
Start test 14?[0m
?[0;34mTest case
?[0m?[0;34mTesting api: '/api/auth/list'
?[0m?[0;34mExpectations: 'After restart user must exist'
?[0m?[0;34m-----
?[0;34m2023-08-25T15:41:47.422+07:00  INFO 68 --- [io-28852-exec-1] o.a.c.c.C.[Tomcat].[localhost].[/]       : Initializing Spring DispatcherServlet 'dispatcherServlet'
?[0m?[0;34m2023-08-25T15:41:47.422+07:00  INFO 68 --- [io-28852-exec-1] o.s.web.servlet.DispatcherServlet        : Initializing Servlet 'dispatcherServlet'
?[0m?[0;34m2023-08-25T15:41:47.424+07:00  INFO 68 --- [io-28852-exec-1] o.s.web.servlet.DispatcherServlet        : Completed initialization in 2 ms
?[0m?[1;31m
Start test 15?[0m
?[0;34mTest case
?[0m?[0;34mTesting api: '/api/auth/user'
?[0m?[0;34mrequest: '{
?[0m?[0;34m   "name": "John Doe 1",
?[0m?[0;34m   "username": "johndoe1",
?[0m?[0;34m   "password": "oMoa3VvqnLxW"
?[0m?[0;34m}'
?[0m?[0;34mExpectations: 'In case of an attempt to register an existing user, endpoint must respond with HTTP CONFLICT status (409).'
?[0m?[0;34m-----
?[0m?[1;31m
Start test 16?[0m
?[0;34mTest case
?[0m?[0;34mTesting api: '/api/auth/user'
?[0m?[0;34mrequest: '{
?[0m?[0;34m   "name": "John Doe 2",
?[0m?[0;34m   "username": "johndoe2",
?[0m?[0;34m   "password": "oMoa5VvqnLxW"
?[0m?[0;34m}'
?[0m?[0;34mExpectations: 'If user successfully added, endpoint must respond with HTTP CREATED status (201) '
?[0m?[0;34m-----
?[0m?[1;31m
Start test 17?[0m
?[0;34mTest case
?[0m?[0;34mTesting api: '/api/auth/list'
?[0m?[0;34mExpectations: 'Endpoint must respond with HTTP OK status (200) and body with array of objects representing the users sorted by ID in ascending order.'
?[0m?[0;34m-----
?[0m?[1;31m
Start test 18?[0m
?[0;34mTest case
?[0m?[0;34mTesting api: '/api/antifraud/transaction'
?[0m?[0;34mrequest: 'amount = 199'
?[0m?[0;34mExpectations: 'Result validating of Transaction must be 'ALLOWED''
?[0m?[0;34m-----
?[0m?[1;31m
Start test 19?[0m
?[0;34mTest case
?[0m?[0;34mTesting api: '/api/antifraud/transaction'
?[0m?[0;34mrequest: 'amount = 200'
?[0m?[0;34mExpectations: 'Result validating of Transaction must be 'ALLOWED''
?[0m?[0;34m-----
?[0m?[1;31m
Start test 20?[0m
?[0;34mTest case
?[0m?[0;34mTesting api: '/api/antifraud/transaction'
?[0m?[0;34mrequest: 'amount = 201'
?[0m?[0;34mExpectations: 'Result validating of Transaction must be 'MANUAL_PROCESSING''
?[0m?[0;34m-----
?[0m?[1;31m
Start test 21?[0m
?[0;34mTest case
?[0m?[0;34mTesting api: '/api/antifraud/transaction'
?[0m?[0;34mrequest: 'amount = 1499'
?[0m?[0;34mExpectations: 'Result validating of Transaction must be 'MANUAL_PROCESSING''
?[0m?[0;34m-----
?[0m?[1;31m
Start test 22?[0m
?[0;34mTest case
?[0m?[0;34mTesting api: '/api/antifraud/transaction'
?[0m?[0;34mrequest: 'amount = 1500'
?[0m?[0;34mExpectations: 'Result validating of Transaction must be 'MANUAL_PROCESSING''
?[0m?[0;34m-----
?[0m?[1;31m
Start test 23?[0m
?[0;34mTest case
?[0m?[0;34mTesting api: '/api/antifraud/transaction'
?[0m?[0;34mrequest: 'amount = 1501'
?[0m?[0;34mExpectations: 'Result validating of Transaction must be 'PROHIBITED''
?[0m?[0;34m-----
?[0m?[1;31m
Start test 24?[0m
?[0;34mTest case
?[0m?[0;34mTesting api: '/api/antifraud/transaction'
?[0m?[0;34mrequest: 'amount = 2000'
?[0m?[0;34mExpectations: 'Result validating of Transaction must be 'PROHIBITED''
?[0m?[0;34m-----
?[0m?[1;31m
Start test 25?[0m
?[0;34mTest case
?[0m?[0;34mTesting api: '/api/antifraud/transaction'
?[0m?[0;34mrequest: 'amount = -1'
?[0m?[0;34mExpectations: 'Response status must be 'Bad request''
?[0m?[0;34m-----
?[0m?[1;31m
Start test 26?[0m
?[0;34mTest case
?[0m?[0;34mTesting api: '/api/antifraud/transaction'
?[0m?[0;34mrequest: 'amount = 0'
?[0m?[0;34mExpectations: 'Response status must be 'Bad request''
?[0m?[0;34m-----
?[0m?[1;31m
Start test 27?[0m
?[0;34mTest case
?[0m?[0;34mTesting api: '/api/antifraud/transaction'
?[0m?[0;34mrequest: 'amount = null'
?[0m?[0;34mExpectations: 'Response status must be 'Bad request''
?[0m?[0;34m-----
?[0m?[1;31m
Start test 28?[0m
?[0;34mTest case
?[0m?[0;34mTesting api: '/api/antifraud/transaction'
?[0m?[0;34mrequest: 'amount = ""'
?[0m?[0;34mExpectations: 'Response status must be 'Bad request''
?[0m?[0;34m-----
?[0m?[1;31m
Start test 29?[0m
?[0;34mTest case
?[0m?[0;34mTesting api: '/api/antifraud/transaction'
?[0m?[0;34mrequest: 'amount = " "'
?[0m?[0;34mExpectations: 'Response status must be 'Bad request''
?[0m?[0;34m-----
?[0m?[1;31m
Start test 30?[0m
?[0;34mTest case
?[0m?[0;34mTesting api: '/api/antifraud/transaction'
?[0m?[0;34mrequest: 'empty body'
?[0m?[0;34mExpectations: 'Response status must be 'Bad request''
?[0m?[0;34m-----
?[0m?[1;31m
Start test 31?[0m
?[0;34mTest case
?[0m?[0;34mTesting api: '/api/auth/user'
?[0m?[0;34mrequest: '/api/auth/user/somebody'
?[0m?[0;34mExpectations: 'If a user is not found, respond with HTTP Not Found status (404).'
?[0m?[0;34m-----
?[0m?[1;31m
Start test 32?[0m
?[0;34mTest case
?[0m?[0;34mTesting api: '/api/auth/user'
?[0m?[0;34mrequest: '/api/auth/user/johndoe1'
?[0m?[0;34mExpectations: 'The endpoint must delete the user and respond with HTTP OK status (200)'
?[0m?[0;34m-----
?[0m?[1;31m
Start test 33?[0m
?[0;34mTest case
?[0m?[0;34mTesting api: '/api/auth/list'
?[0m?[0;34mExpectations: 'User 'johndoe1' must be delete'
?[0m?[0;34m-----
?[0m?[1;31m
Start test 34?[0m
?[0;34mTest case
?[0m?[0;34mTesting api: '/api/auth/role'
?[0m?[0;34mExpectations: 'If a user is not found, endpoint must respond with the HTTP Not Found status (404).'
?[0m?[0;34m-----
?[0m?[1;31m
Start test 35?[0m
?[0;34mTest case
?[0m?[0;34mTesting api: '/api/auth/role'
?[0m?[0;34mExpectations: 'If a role is not found, endpoint must respond with the HTTP Bad Request status (400).'
?[0m?[0;34m-----
?[0m?[1;31m
Start test 36?[0m
?[0;34mTest case
?[0m?[0;34mTesting api: '/api/auth/role'
?[0m?[0;34mExpectations: 'If a role is ADMINISTRATOR, endpoint must respond with the HTTP Bad Request status (400).'
?[0m?[0;34m-----
?[0m?[1;31m
Start test 37?[0m
?[0;34mTest case
?[0m?[0;34mTesting api: '/api/auth/role'
?[0m?[0;34mExpectations: 'If a role successfully changed, respond with the HTTP OK status (200)'
?[0m?[0;34m-----
?[0m?[1;31m
Start test 38?[0m
?[0;34mTest case
?[0m?[0;34mTesting api: '/api/auth/role'
?[0m?[0;34mExpectations: 'If a role already assigned to a user, endpoint must respond with the HTTP Conflict status (409).'
?[0m?[0;34m-----
?[0m?[1;31m
Start test 39?[0m
?[0;34mTest case
?[0m?[0;34mTesting api: '/api/auth/access'
?[0m?[0;34mExpectations: 'A user johndoe2 must be UNLOCKED'
?[0m?[0;34m-----
?[0m?[1;31m
Start test 40?[0m
?[0;34mTest case
?[0m?[0;34mTesting api: '/api/auth/list'
?[0m?[0;34mExpectations: 'Role for user 'johndoe2' must be changed to SUPPORT'
?[0m?[0;34m-----
?[0m?[1;31m
Start test 41?[0m
?[0;34mTest case
?[0m?[0;34mTesting api: '/api/antifraud/transaction'
?[0m?[0;34mExpectations: 'Role MERCHANT must be removed from user johndoe2!'
?[0m?[0;34m-----
?[0m?[1;31m
Start test 42?[0m
?[0;34mTest case
?[0m?[0;34mTesting api: '/api/auth/user'
?[0m?[0;34mrequest: '{
?[0m?[0;34m   "name": "John Doe 3",
?[0m?[0;34m   "username": "johndoe3",
?[0m?[0;34m   "password": "oMoa6VvqnLxW"
?[0m?[0;34m}'
?[0m?[0;34mExpectations: 'If user successfully added, endpoint must respond with HTTP CREATED status (201) '
?[0m?[0;34m-----
?[0m?[1;31m
Start test 43?[0m
?[0;34mTest case
?[0m?[0;34mTesting api: '/api/antifraud/transaction'
?[0m?[0;34mExpectations: 'MERCHANT user after registration must be LOCKED'
?[0m?[0;34m-----
?[0m?[1;31m
Start test 44?[0m
?[0;34mTest case
?[0m?[0;34mTesting api: '/api/auth/access'
?[0m?[0;34mExpectations: 'A user johndoe3 must be UNLOCKED'
?[0m?[0;34m-----
?[0m?[1;31m
Start test 45?[0m
?[0;34mTest case
?[0m?[0;34mTesting api: '/api/antifraud/transaction'
?[0m?[0;34mExpectations: 'A user johndoe3 must be UNLOCKED'
?[0m?[0;34m-----
?[0m?[1;31m
Start test 46?[0m
?[0;34mTest case
?[0m?[0;34mTesting api: '/api/auth/access'
?[0m?[0;34mExpectations: 'A user johndoe3 must be LOCKED'
?[0m?[0;34m-----
?[0m?[1;31m
Start test 47?[0m
?[0;34mTest case
?[0m?[0;34mTesting api: '/api/antifraud/transaction'
?[0m?[0;34mExpectations: 'A user johndoe3 must be LOCKED'
?[0m?[0;34m-----
?[0m?[1;31m
Start test 48?[0m
?[0;34mTest case
?[0m?[0;34mTesting api: '/api/auth/access'
?[0m?[0;34mExpectations: 'A user johndoe3 must be UNLOCKED'
?[0m?[0;34m-----
?[0m?[1;31m
Start test 49?[0m
?[0;34mTest case
?[0m?[0;34mTesting api: '/api/antifraud/transaction'
?[0m?[0;34mExpectations: 'A user with role ADMINISTRATOR must not have access to /api/antifraud/transaction'
?[0m?[0;34m-----
?[0m?[1;31m
Start test 50?[0m
?[0;34mTest case
?[0m?[0;34mTesting api: '/api/antifraud/transaction'
?[0m?[0;34mExpectations: 'A user with role SUPPORT must not have access to /api/antifraud/transaction'
?[0m?[0;34m-----
?[0m?[1;31m
Start test 51?[0m
?[0;34mTest case
?[0m?[0;34mTesting api: '/api/antifraud/transaction'
?[0m?[0;34mExpectations: 'A user with role ANONYMOUS must not have access to /api/antifraud/transaction'
?[0m?[0;34m-----
?[0m?[1;31m
Start test 52?[0m
?[0;34mTest case
?[0m?[0;34mTesting api: '/api/auth/user'
?[0m?[0;34mExpectations: 'A user with role ANONYMOUS must not have access to DELETE /api/auth/user'
?[0m?[0;34m-----
?[0m?[1;31m
Start test 53?[0m
?[0;34mTest case
?[0m?[0;34mTesting api: '/api/auth/user'
?[0m?[0;34mExpectations: 'A user with role SUPPORT must not have access to DELETE /api/auth/user'
?[0m?[0;34m-----
?[0m?[1;31m
Start test 54?[0m
?[0;34mTest case
?[0m?[0;34mTesting api: '/api/auth/user'
?[0m?[0;34mExpectations: 'A user with role MERCHANT must not have access to DELETE /api/auth/user'
?[0m?[0;34m-----
?[0m?[1;31m
Start test 55?[0m
?[0;34mTest case
?[0m?[0;34mTesting api: '/api/auth/list'
?[0m?[0;34mExpectations: 'A user with role ANONYMOUS must not have access to /api/auth/list'
?[0m?[0;34m-----
?[0m?[1;31m
Start test 56?[0m
?[0;34mTest case
?[0m?[0;34mTesting api: '/api/auth/list'
?[0m?[0;34mExpectations: 'A user with role MERCHANT must not have access to /api/auth/list'
?[0m?[0;34m-----
?[0m?[1;31m
Start test 57?[0m
?[0;34mTest case
?[0m?[0;34mTesting api: '/api/antifraud/suspicious-ip'
?[0m?[0;34mExpectations: 'A user with role ADMINISTRATOR must not have access to GET /api/antifraud/suspicious-ip'
?[0m?[0;34m-----
?[0m?[1;31m
Start test 58?[0m
?[0;34mTest case
?[0m?[0;34mTesting api: '/api/antifraud/suspicious-ip'
?[0m?[0;34mExpectations: 'A user with role MERCHANT must not have access to GET /api/antifraud/suspicious-ip'
?[0m?[0;34m-----
?[0m?[1;31m
Start test 59?[0m
?[0;34mTest case
?[0m?[0;34mTesting api: '/api/antifraud/suspicious-ip'
?[0m?[0;34mExpectations: 'A user with role ADMINISTRATOR must not have access to POST /api/antifraud/suspicious-ip'
?[0m?[0;34m-----
?[0m?[1;31m
Start test 60?[0m
?[0;34mTest case
?[0m?[0;34mTesting api: '/api/antifraud/suspicious-ip'
?[0m?[0;34mExpectations: 'A user with role MERCHANT must not have access to POST /api/antifraud/suspicious-ip'
?[0m?[0;34m-----
?[0m?[1;31m
Start test 61?[0m
?[0;34mTest case
?[0m?[0;34mTesting api: '/api/antifraud/suspicious-ip'
?[0m?[0;34mExpectations: 'A user with role ADMINISTRATOR must not have access to DELETE /api/antifraud/suspicious-ip'
?[0m?[0;34m-----
?[0m?[1;31m
Start test 62?[0m
?[0;34mTest case
?[0m?[0;34mTesting api: '/api/antifraud/suspicious-ip'
?[0m?[0;34mExpectations: 'A user with role MERCHANT must not have access to DELETE /api/antifraud/suspicious-ip'
?[0m?[0;34m-----
?[0m?[1;31m
Start test 63?[0m
?[0;34mTest case
?[0m?[0;34mTesting api: '/api/antifraud/stolencard'
?[0m?[0;34mExpectations: 'A user with role ADMINISTRATOR must not have access to GET /api/antifraud/stolencard'
?[0m?[0;34m-----
?[0m?[1;31m
Start test 64?[0m
?[0;34mTest case
?[0m?[0;34mTesting api: '/api/antifraud/stolencard'
?[0m?[0;34mExpectations: 'A user with role MERCHANT must not have access to GET /api/antifraud/stolencard'
?[0m?[0;34m-----
?[0m?[1;31m
Start test 65?[0m
?[0;34mTest case
?[0m?[0;34mTesting api: '/api/antifraud/stolencard'
?[0m?[0;34mExpectations: 'A user with role ADMINISTRATOR must not have access to POST /api/antifraud/stolencard'
?[0m?[0;34m-----
?[0m?[1;31m
Start test 66?[0m
?[0;34mTest case
?[0m?[0;34mTesting api: '/api/antifraud/stolencard'
?[0m?[0;34mExpectations: 'A user with role MERCHANT must not have access to POST /api/antifraud/stolencard'
?[0m?[0;34m-----
?[0m?[1;31m
Start test 67?[0m
?[0;34mTest case
?[0m?[0;34mTesting api: '/api/antifraud/stolencard'
?[0m?[0;34mExpectations: 'A user with role ADMINISTRATOR must not have access to DELETE /api/antifraud/stolencard'
?[0m?[0;34m-----
?[0m?[1;31m
Start test 68?[0m
?[0;34mTest case
?[0m?[0;34mTesting api: '/api/antifraud/stolencard'
?[0m?[0;34mExpectations: 'A user with role MERCHANT must not have access to DELETE /api/antifraud/stolencard'
?[0m?[0;34m-----
?[0m?[1;31m
Start test 69?[0m
?[0;34mTest case
?[0m?[0;34mTesting api: '/api/antifraud/suspicious-ip'
?[0m?[0;34mExpectations: 'Endpoint must respond with empty array'
?[0m?[0;34m-----
?[0m?[1;31m
Start test 70?[0m
?[0;34mTest case
?[0m?[0;34mTesting api: '/api/antifraud/suspicious-ip'
?[0m?[0;34mExpectations: 'IP must be added to Black List'
?[0m?[0;34m-----
?[0m?[1;31m
Start test 71?[0m
?[0;34mTest case
?[0m?[0;34mTesting api: '/api/antifraud/suspicious-ip'
?[0m?[0;34mExpectations: 'If IP already in database,  endpoint must respond with the HTTP Conflict status (409).'
?[0m?[0;34m-----
?[0m?[1;31m
Start test 72?[0m
?[0;34mTest case
?[0m?[0;34mTesting api: '/api/antifraud/suspicious-ip'
?[0m?[0;34mExpectations: 'If IP doesn't have right format, respond with HTTP Bad Request status (400)'
?[0m?[0;34m-----
?[0m?[1;31m
Start test 73?[0m
?[0;34mTest case
?[0m?[0;34mTesting api: '/api/antifraud/suspicious-ip'
?[0m?[0;34mExpectations: 'If IP doesn't have right format, respond with HTTP Bad Request status (400)'
?[0m?[0;34m-----
?[0m?[1;31m
Start test 74?[0m
?[0;34mTest case
?[0m?[0;34mTesting api: '/api/antifraud/suspicious-ip'
?[0m?[0;34mExpectations: 'IP must be added to Black List'
?[0m?[0;34m-----
?[0m?[1;31m
Start test 75?[0m
?[0;34mTest case
?[0m?[0;34mTesting api: '/api/antifraud/suspicious-ip'
?[0m?[0;34mExpectations: 'Endpoint must responds with Black List'
?[0m?[0;34m-----
?[0m?[1;31m
Start test 76?[0m
?[0;34mTest case
?[0m?[0;34mTesting api: '/api/antifraud/suspicious-ip'
?[0m?[0;34mExpectations: 'IP must be removed from Black List'
?[0m?[0;34m-----
?[0m?[1;31m
Start test 77?[0m
?[0;34mTest case
?[0m?[0;34mTesting api: '/api/antifraud/suspicious-ip'
?[0m?[0;34mExpectations: 'If IP not found in database, respond with the HTTP Not Found status (404).'
?[0m?[0;34m-----
?[0m?[1;31m
Start test 78?[0m
?[0;34mTest case
?[0m?[0;34mTesting api: '/api/antifraud/suspicious-ip'
?[0m?[0;34mExpectations: 'If IP doesn't have right format, respond with HTTP Bad Request status (400)'
?[0m?[0;34m-----
?[0m?[1;31m
Start test 79?[0m
?[0;34mTest case
?[0m?[0;34mTesting api: '/api/antifraud/suspicious-ip'
?[0m?[0;34mExpectations: 'IP must be removed from Black List'
?[0m?[0;34m-----
?[0m?[1;31m
Start test 80?[0m
?[0;34mTest case
?[0m?[0;34mTesting api: '/api/antifraud/stolencard'
?[0m?[0;34mExpectations: 'Endpoint must respond with empty array'
?[0m?[0;34m-----
?[0m?[1;31m
Start test 81?[0m
?[0;34mTest case
?[0m?[0;34mTesting api: '/api/antifraud/stolencard'
?[0m?[0;34mExpectations: 'A card must be added to Black List'
?[0m?[0;34m-----
?[0m?[1;31m
Start test 82?[0m
?[0;34mTest case
?[0m?[0;34mTesting api: '/api/antifraud/stolencard'
?[0m?[0;34mExpectations: 'If card-number already in database, endpoint must respond with the HTTP Conflict status (409).'
?[0m?[0;34m-----
?[0m?[1;31m
Start test 83?[0m
?[0;34mTest case
?[0m?[0;34mTesting api: '/api/antifraud/stolencard'
?[0m?[0;34mExpectations: 'If card-number doesn't have right format, endpoint must respond with HTTP Bad Request status (400).'
?[0m?[0;34m-----
?[0m?[1;31m
Start test 84?[0m
?[0;34mTest case
?[0m?[0;34mTesting api: '/api/antifraud/stolencard'
?[0m?[0;34mExpectations: 'If checksum of card-number is wrong, endpoint must respond with HTTP Bad Request status (400).'
?[0m?[0;34m-----
?[0m?[1;31m
Start test 85?[0m
?[0;34mTest case
?[0m?[0;34mTesting api: '/api/antifraud/stolencard'
?[0m?[0;34mExpectations: 'A card must be added to Black List'
?[0m?[0;34m-----
?[0m?[1;31m
Start test 86?[0m
?[0;34mTest case
?[0m?[0;34mTesting api: '/api/antifraud/stolencard'
?[0m?[0;34mExpectations: 'Endpoint must responds with Black List'
?[0m?[0;34m-----
?[0m?[1;31m
Start test 87?[0m
?[0;34mTest case
?[0m?[0;34mTesting api: '/api/antifraud/stolencard'
?[0m?[0;34mExpectations: 'Card must be removed from Black List'
?[0m?[0;34m-----
?[0m?[1;31m
Start test 88?[0m
?[0;34mTest case
?[0m?[0;34mTesting api: '/api/antifraud/stolencard'
?[0m?[0;34mExpectations: 'If card-number not found in database, respond with the HTTP Not Found status (404).'
?[0m?[0;34m-----
?[0m?[1;31m
Start test 89?[0m
?[0;34mTest case
?[0m?[0;34mTesting api: '/api/antifraud/stolencard'
?[0m?[0;34mExpectations: 'If card-number doesn't have right format, endpoint must respond with HTTP Bad Request status (400).'
?[0m?[0;34m-----
?[0m?[1;31m
Start test 90?[0m
?[0;34mTest case
?[0m?[0;34mTesting api: '/api/antifraud/stolencard'
?[0m?[0;34mExpectations: 'Card must be removed from Black List'
?[0m?[0;34m-----
?[0m?[1;31m
Start test 91?[0m
?[0;34mTest case
?[0m?[0;34mTesting api: '/api/antifraud/transaction'
?[0m?[0;34mExpectations: 'Transaction must be PROHIBITED due to - suspicious ip reason'
?[0m?[0;34m-----
?[0m?[1;31m
Start test 92?[0m
?[0;34mTest case
?[0m?[0;34mTesting api: '/api/antifraud/transaction'
?[0m?[0;34mExpectations: 'Transaction must be PROHIBITED due to - stolen card reason'
?[0m?[0;34m-----
?[0m?[1;31m
Start test 93?[0m
?[0;34mTest case
?[0m?[0;34mTesting api: '/api/antifraud/transaction'
?[0m?[0;34mExpectations: 'Transaction must be PROHIBITED due to - stolen card, suspicious ip reasons'
?[0m?[0;34m-----
?[0m?[1;31m
Start test 94?[0m
?[0;34mTest case
?[0m?[0;34mTesting api: '/api/antifraud/transaction'
?[0m?[0;34mExpectations: 'Transaction must be PROHIBITED due to - amount, stolen card, suspicious ip reasons'
?[0m?[0;34m-----
?[0m]]></system-out>
  <system-err><![CDATA[]]></system-err>
</testsuite>
